# JRE version: Java(TM) SE Runtime Environment (8.0_112-b15) (build 1.8.0_112-b15)
# Java VM: Java HotSpot(TM) 64-Bit Server VM (25.112-b15 mixed mode windows-amd64 compressed oops)
Heap:
 PSYoungGen      total 55808K, used 37481K [0x00000007bc400000, 0x00000007c0000000, 0x00000007c0000000)
  eden space 50176K, 66% used [0x00000007bc400000,0x00000007be481910,0x00000007bf500000)
  from space 5632K, 74% used [0x00000007bfa80000,0x00000007bfe98d40,0x00000007c0000000)
  to   space 5632K, 0% used [0x00000007bf500000,0x00000007bf500000,0x00000007bfa80000)
 ParOldGen       total 146432K, used 55503K [0x0000000700000000, 0x0000000708f00000, 0x00000007bc400000)
  object space 146432K, 37% used [0x0000000700000000,0x0000000703633d40,0x0000000708f00000)
 Metaspace       used 66375K, capacity 66989K, committed 67840K, reserved 1107968K
  class space    used 9014K, capacity 9150K, committed 9216K, reserved 1048576K
GC Heap History (10 events):
Event: 3560.612 GC heap before
{Heap before GC invocations=113 (full 5):
 PSYoungGen      total 55296K, used 53511K [0x00000007bc400000, 0x00000007c0000000, 0x00000007c0000000)
  eden space 49664K, 100% used [0x00000007bc400000,0x00000007bf480000,0x00000007bf480000)
  from space 5632K, 68% used [0x00000007bf480000,0x00000007bf841e10,0x00000007bfa00000)
  to   space 5632K, 0% used [0x00000007bfa80000,0x00000007bfa80000,0x00000007c0000000)
 ParOldGen       total 146432K, used 55079K [0x0000000700000000, 0x0000000708f00000, 0x00000007bc400000)
  object space 146432K, 37% used [0x0000000700000000,0x00000007035c9d00,0x0000000708f00000)
 Metaspace       used 66183K, capacity 66689K, committed 67584K, reserved 1107968K
  class space    used 8983K, capacity 9116K, committed 9216K, reserved 1048576K
Event: 3560.617 GC heap after
Heap after GC invocations=113 (full 5):
 PSYoungGen      total 55808K, used 4147K [0x00000007bc400000, 0x00000007c0000000, 0x00000007c0000000)
  eden space 50176K, 0% used [0x00000007bc400000,0x00000007bc400000,0x00000007bf500000)
  from space 5632K, 73% used [0x00000007bfa80000,0x00000007bfe8cd40,0x00000007c0000000)
  to   space 5632K, 0% used [0x00000007bf500000,0x00000007bf500000,0x00000007bfa80000)
 ParOldGen       total 146432K, used 55095K [0x0000000700000000, 0x0000000708f00000, 0x00000007bc400000)
  object space 146432K, 37% used [0x0000000700000000,0x00000007035cdd00,0x0000000708f00000)
 Metaspace       used 66183K, capacity 66689K, committed 67584K, reserved 1107968K
  class space    used 8983K, capacity 9116K, committed 9216K, reserved 1048576K
}
Event: 3564.830 GC heap before
{Heap before GC invocations=114 (full 5):
 PSYoungGen      total 55808K, used 54323K [0x00000007bc400000, 0x00000007c0000000, 0x00000007c0000000)
  eden space 50176K, 100% used [0x00000007bc400000,0x00000007bf500000,0x00000007bf500000)
  from space 5632K, 73% used [0x00000007bfa80000,0x00000007bfe8cd40,0x00000007c0000000)
  to   space 5632K, 0% used [0x00000007bf500000,0x00000007bf500000,0x00000007bfa80000)
 ParOldGen       total 146432K, used 55095K [0x0000000700000000, 0x0000000708f00000, 0x00000007bc400000)
  object space 146432K, 37% used [0x0000000700000000,0x00000007035cdd00,0x0000000708f00000)
 Metaspace       used 66191K, capacity 66753K, committed 67584K, reserved 1107968K
  class space    used 8983K, capacity 9116K, committed 9216K, reserved 1048576K
Event: 3564.834 GC heap after
Heap after GC invocations=114 (full 5):
 PSYoungGen      total 55808K, used 3955K [0x00000007bc400000, 0x00000007c0000000, 0x00000007c0000000)
  eden space 50176K, 0% used [0x00000007bc400000,0x00000007bc400000,0x00000007bf500000)
  from space 5632K, 70% used [0x00000007bf500000,0x00000007bf8dcd40,0x00000007bfa80000)
  to   space 5632K, 0% used [0x00000007bfa80000,0x00000007bfa80000,0x00000007c0000000)
 ParOldGen       total 146432K, used 55111K [0x0000000700000000, 0x0000000708f00000, 0x00000007bc400000)
  object space 146432K, 37% used [0x0000000700000000,0x00000007035d1d00,0x0000000708f00000)
 Metaspace       used 66191K, capacity 66753K, committed 67584K, reserved 1107968K
  class space    used 8983K, capacity 9116K, committed 9216K, reserved 1048576K
}
Event: 3565.129 GC heap before
{Heap before GC invocations=115 (full 5):
 PSYoungGen      total 55808K, used 54131K [0x00000007bc400000, 0x00000007c0000000, 0x00000007c0000000)
  eden space 50176K, 100% used [0x00000007bc400000,0x00000007bf500000,0x00000007bf500000)
  from space 5632K, 70% used [0x00000007bf500000,0x00000007bf8dcd40,0x00000007bfa80000)
  to   space 5632K, 0% used [0x00000007bfa80000,0x00000007bfa80000,0x00000007c0000000)
 ParOldGen       total 146432K, used 55111K [0x0000000700000000, 0x0000000708f00000, 0x00000007bc400000)
  object space 146432K, 37% used [0x0000000700000000,0x00000007035d1d00,0x0000000708f00000)
 Metaspace       used 66191K, capacity 66753K, committed 67584K, reserved 1107968K
  class space    used 8983K, capacity 9116K, committed 9216K, reserved 1048576K
Event: 3565.132 GC heap after
Heap after GC invocations=115 (full 5):
 PSYoungGen      total 55808K, used 3315K [0x00000007bc400000, 0x00000007c0000000, 0x00000007c0000000)
  eden space 50176K, 0% used [0x00000007bc400000,0x00000007bc400000,0x00000007bf500000)
  from space 5632K, 58% used [0x00000007bfa80000,0x00000007bfdbcd40,0x00000007c0000000)
  to   space 5632K, 0% used [0x00000007bf500000,0x00000007bf500000,0x00000007bfa80000)
 ParOldGen       total 146432K, used 55359K [0x0000000700000000, 0x0000000708f00000, 0x00000007bc400000)
  object space 146432K, 37% used [0x0000000700000000,0x000000070360fd30,0x0000000708f00000)
 Metaspace       used 66191K, capacity 66753K, committed 67584K, reserved 1107968K
  class space    used 8983K, capacity 9116K, committed 9216K, reserved 1048576K
}
Event: 3572.253 GC heap before
{Heap before GC invocations=116 (full 5):
 PSYoungGen      total 55808K, used 53491K [0x00000007bc400000, 0x00000007c0000000, 0x00000007c0000000)
  eden space 50176K, 100% used [0x00000007bc400000,0x00000007bf500000,0x00000007bf500000)
  from space 5632K, 58% used [0x00000007bfa80000,0x00000007bfdbcd40,0x00000007c0000000)
  to   space 5632K, 0% used [0x00000007bf500000,0x00000007bf500000,0x00000007bfa80000)
 ParOldGen       total 146432K, used 55359K [0x0000000700000000, 0x0000000708f00000, 0x00000007bc400000)
  object space 146432K, 37% used [0x0000000700000000,0x000000070360fd30,0x0000000708f00000)
 Metaspace       used 66208K, capacity 66823K, committed 67584K, reserved 1107968K
  class space    used 8984K, capacity 9117K, committed 9216K, reserved 1048576K
Event: 3572.258 GC heap after
Heap after GC invocations=116 (full 5):
 PSYoungGen      total 55808K, used 3731K [0x00000007bc400000, 0x00000007c0000000, 0x00000007c0000000)
  eden space 50176K, 0% used [0x00000007bc400000,0x00000007bc400000,0x00000007bf500000)
  from space 5632K, 66% used [0x00000007bf500000,0x00000007bf8a4d40,0x00000007bfa80000)
  to   space 5632K, 0% used [0x00000007bfa80000,0x00000007bfa80000,0x00000007c0000000)
 ParOldGen       total 146432K, used 55455K [0x0000000700000000, 0x0000000708f00000, 0x00000007bc400000)
  object space 146432K, 37% used [0x0000000700000000,0x0000000703627d40,0x0000000708f00000)
 Metaspace       used 66208K, capacity 66823K, committed 67584K, reserved 1107968K
  class space    used 8984K, capacity 9117K, committed 9216K, reserved 1048576K
}
Event: 3582.436 GC heap before
{Heap before GC invocations=117 (full 5):
 PSYoungGen      total 55808K, used 53907K [0x00000007bc400000, 0x00000007c0000000, 0x00000007c0000000)
  eden space 50176K, 100% used [0x00000007bc400000,0x00000007bf500000,0x00000007bf500000)
  from space 5632K, 66% used [0x00000007bf500000,0x00000007bf8a4d40,0x00000007bfa80000)
  to   space 5632K, 0% used [0x00000007bfa80000,0x00000007bfa80000,0x00000007c0000000)
 ParOldGen       total 146432K, used 55455K [0x0000000700000000, 0x0000000708f00000, 0x00000007bc400000)
  object space 146432K, 37% used [0x0000000700000000,0x0000000703627d40,0x0000000708f00000)
 Metaspace       used 66373K, capacity 66919K, committed 67584K, reserved 1107968K
  class space    used 9014K, capacity 9149K, committed 9216K, reserved 1048576K
Event: 3582.441 GC heap after
Heap after GC invocations=117 (full 5):
 PSYoungGen      total 55808K, used 4195K [0x00000007bc400000, 0x00000007c0000000, 0x00000007c0000000)
  eden space 50176K, 0% used [0x00000007bc400000,0x00000007bc400000,0x00000007bf500000)
  from space 5632K, 74% used [0x00000007bfa80000,0x00000007bfe98d40,0x00000007c0000000)
  to   space 5632K, 0% used [0x00000007bf500000,0x00000007bf500000,0x00000007bfa80000)
 ParOldGen       total 146432K, used 55503K [0x0000000700000000, 0x0000000708f00000, 0x00000007bc400000)
  object space 146432K, 37% used [0x0000000700000000,0x0000000703633d40,0x0000000708f00000)
 Metaspace       used 66373K, capacity 66919K, committed 67584K, reserved 1107968K
  class space    used 9014K, capacity 9149K, committed 9216K, reserved 1048576K
}

