# JRE version: Java(TM) SE Runtime Environment (8.0_112-b15) (build 1.8.0_112-b15)
# Java VM: Java HotSpot(TM) 64-Bit Server VM (25.112-b15 mixed mode windows-amd64 compressed oops)
Heap:
 PSYoungGen      total 56832K, used 33402K [0x00000007bc400000, 0x00000007c0000000, 0x00000007c0000000)
  eden space 52224K, 60% used [0x00000007bc400000,0x00000007be30e9d8,0x00000007bf700000)
  from space 4608K, 34% used [0x00000007bfb80000,0x00000007bfd10000,0x00000007c0000000)
  to   space 4608K, 0% used [0x00000007bf700000,0x00000007bf700000,0x00000007bfb80000)
 ParOldGen       total 225280K, used 64950K [0x0000000700000000, 0x000000070dc00000, 0x00000007bc400000)
  object space 225280K, 28% used [0x0000000700000000,0x0000000703f6da78,0x000000070dc00000)
 Metaspace       used 67257K, capacity 67883K, committed 68608K, reserved 1107968K
  class space    used 9038K, capacity 9179K, committed 9216K, reserved 1048576K
GC Heap History (10 events):
Event: 384.117 GC heap before
{Heap before GC invocations=126 (full 16):
 PSYoungGen      total 55808K, used 50176K [0x00000007bc400000, 0x00000007c0000000, 0x00000007c0000000)
  eden space 50176K, 100% used [0x00000007bc400000,0x00000007bf500000,0x00000007bf500000)
  from space 5632K, 0% used [0x00000007bf500000,0x00000007bf500000,0x00000007bfa80000)
  to   space 5632K, 0% used [0x00000007bfa80000,0x00000007bfa80000,0x00000007c0000000)
 ParOldGen       total 225280K, used 64942K [0x0000000700000000, 0x000000070dc00000, 0x00000007bc400000)
  object space 225280K, 28% used [0x0000000700000000,0x0000000703f6ba78,0x000000070dc00000)
 Metaspace       used 66707K, capacity 67279K, committed 68096K, reserved 1107968K
  class space    used 8963K, capacity 9109K, committed 9216K, reserved 1048576K
Event: 384.129 GC heap after
Heap after GC invocations=126 (full 16):
 PSYoungGen      total 56320K, used 640K [0x00000007bc400000, 0x00000007c0000000, 0x00000007c0000000)
  eden space 50688K, 0% used [0x00000007bc400000,0x00000007bc400000,0x00000007bf580000)
  from space 5632K, 11% used [0x00000007bfa80000,0x00000007bfb20000,0x00000007c0000000)
  to   space 5120K, 0% used [0x00000007bf580000,0x00000007bf580000,0x00000007bfa80000)
 ParOldGen       total 225280K, used 64942K [0x0000000700000000, 0x000000070dc00000, 0x00000007bc400000)
  object space 225280K, 28% used [0x0000000700000000,0x0000000703f6ba78,0x000000070dc00000)
 Metaspace       used 66707K, capacity 67279K, committed 68096K, reserved 1107968K
  class space    used 8963K, capacity 9109K, committed 9216K, reserved 1048576K
}
Event: 443.578 GC heap before
{Heap before GC invocations=127 (full 16):
 PSYoungGen      total 56320K, used 51328K [0x00000007bc400000, 0x00000007c0000000, 0x00000007c0000000)
  eden space 50688K, 100% used [0x00000007bc400000,0x00000007bf580000,0x00000007bf580000)
  from space 5632K, 11% used [0x00000007bfa80000,0x00000007bfb20000,0x00000007c0000000)
  to   space 5120K, 0% used [0x00000007bf580000,0x00000007bf580000,0x00000007bfa80000)
 ParOldGen       total 225280K, used 64942K [0x0000000700000000, 0x000000070dc00000, 0x00000007bc400000)
  object space 225280K, 28% used [0x0000000700000000,0x0000000703f6ba78,0x000000070dc00000)
 Metaspace       used 66728K, capacity 67343K, committed 68096K, reserved 1107968K
  class space    used 8963K, capacity 9109K, committed 9216K, reserved 1048576K
Event: 443.583 GC heap after
Heap after GC invocations=127 (full 16):
 PSYoungGen      total 55808K, used 384K [0x00000007bc400000, 0x00000007c0000000, 0x00000007c0000000)
  eden space 50688K, 0% used [0x00000007bc400000,0x00000007bc400000,0x00000007bf580000)
  from space 5120K, 7% used [0x00000007bf580000,0x00000007bf5e0000,0x00000007bfa80000)
  to   space 5120K, 0% used [0x00000007bfb00000,0x00000007bfb00000,0x00000007c0000000)
 ParOldGen       total 225280K, used 64942K [0x0000000700000000, 0x000000070dc00000, 0x00000007bc400000)
  object space 225280K, 28% used [0x0000000700000000,0x0000000703f6ba78,0x000000070dc00000)
 Metaspace       used 66728K, capacity 67343K, committed 68096K, reserved 1107968K
  class space    used 8963K, capacity 9109K, committed 9216K, reserved 1048576K
}
Event: 445.088 GC heap before
{Heap before GC invocations=128 (full 16):
 PSYoungGen      total 55808K, used 51072K [0x00000007bc400000, 0x00000007c0000000, 0x00000007c0000000)
  eden space 50688K, 100% used [0x00000007bc400000,0x00000007bf580000,0x00000007bf580000)
  from space 5120K, 7% used [0x00000007bf580000,0x00000007bf5e0000,0x00000007bfa80000)
  to   space 5120K, 0% used [0x00000007bfb00000,0x00000007bfb00000,0x00000007c0000000)
 ParOldGen       total 225280K, used 64942K [0x0000000700000000, 0x000000070dc00000, 0x00000007bc400000)
  object space 225280K, 28% used [0x0000000700000000,0x0000000703f6ba78,0x000000070dc00000)
 Metaspace       used 66774K, capacity 67349K, committed 68096K, reserved 1107968K
  class space    used 8965K, capacity 9110K, committed 9216K, reserved 1048576K
Event: 445.092 GC heap after
Heap after GC invocations=128 (full 16):
 PSYoungGen      total 56320K, used 928K [0x00000007bc400000, 0x00000007c0000000, 0x00000007c0000000)
  eden space 51200K, 0% used [0x00000007bc400000,0x00000007bc400000,0x00000007bf600000)
  from space 5120K, 18% used [0x00000007bfb00000,0x00000007bfbe8000,0x00000007c0000000)
  to   space 5120K, 0% used [0x00000007bf600000,0x00000007bf600000,0x00000007bfb00000)
 ParOldGen       total 225280K, used 64942K [0x0000000700000000, 0x000000070dc00000, 0x00000007bc400000)
  object space 225280K, 28% used [0x0000000700000000,0x0000000703f6ba78,0x000000070dc00000)
 Metaspace       used 66774K, capacity 67349K, committed 68096K, reserved 1107968K
  class space    used 8965K, capacity 9110K, committed 9216K, reserved 1048576K
}
Event: 446.671 GC heap before
{Heap before GC invocations=129 (full 16):
 PSYoungGen      total 56320K, used 52128K [0x00000007bc400000, 0x00000007c0000000, 0x00000007c0000000)
  eden space 51200K, 100% used [0x00000007bc400000,0x00000007bf600000,0x00000007bf600000)
  from space 5120K, 18% used [0x00000007bfb00000,0x00000007bfbe8000,0x00000007c0000000)
  to   space 5120K, 0% used [0x00000007bf600000,0x00000007bf600000,0x00000007bfb00000)
 ParOldGen       total 225280K, used 64942K [0x0000000700000000, 0x000000070dc00000, 0x00000007bc400000)
  object space 225280K, 28% used [0x0000000700000000,0x0000000703f6ba78,0x000000070dc00000)
 Metaspace       used 66827K, capacity 67493K, committed 68096K, reserved 1107968K
  class space    used 8974K, capacity 9114K, committed 9216K, reserved 1048576K
Event: 446.678 GC heap after
Heap after GC invocations=129 (full 16):
 PSYoungGen      total 56320K, used 1376K [0x00000007bc400000, 0x00000007c0000000, 0x00000007c0000000)
  eden space 51200K, 0% used [0x00000007bc400000,0x00000007bc400000,0x00000007bf600000)
  from space 5120K, 26% used [0x00000007bf600000,0x00000007bf758000,0x00000007bfb00000)
  to   space 4608K, 0% used [0x00000007bfb80000,0x00000007bfb80000,0x00000007c0000000)
 ParOldGen       total 225280K, used 64942K [0x0000000700000000, 0x000000070dc00000, 0x00000007bc400000)
  object space 225280K, 28% used [0x0000000700000000,0x0000000703f6ba78,0x000000070dc00000)
 Metaspace       used 66827K, capacity 67493K, committed 68096K, reserved 1107968K
  class space    used 8974K, capacity 9114K, committed 9216K, reserved 1048576K
}
Event: 448.419 GC heap before
{Heap before GC invocations=130 (full 16):
 PSYoungGen      total 56320K, used 52576K [0x00000007bc400000, 0x00000007c0000000, 0x00000007c0000000)
  eden space 51200K, 100% used [0x00000007bc400000,0x00000007bf600000,0x00000007bf600000)
  from space 5120K, 26% used [0x00000007bf600000,0x00000007bf758000,0x00000007bfb00000)
  to   space 4608K, 0% used [0x00000007bfb80000,0x00000007bfb80000,0x00000007c0000000)
 ParOldGen       total 225280K, used 64942K [0x0000000700000000, 0x000000070dc00000, 0x00000007bc400000)
  object space 225280K, 28% used [0x0000000700000000,0x0000000703f6ba78,0x000000070dc00000)
 Metaspace       used 67043K, capacity 67653K, committed 68352K, reserved 1107968K
  class space    used 8993K, capacity 9146K, committed 9216K, reserved 1048576K
Event: 448.424 GC heap after
Heap after GC invocations=130 (full 16):
 PSYoungGen      total 56832K, used 1600K [0x00000007bc400000, 0x00000007c0000000, 0x00000007c0000000)
  eden space 52224K, 0% used [0x00000007bc400000,0x00000007bc400000,0x00000007bf700000)
  from space 4608K, 34% used [0x00000007bfb80000,0x00000007bfd10000,0x00000007c0000000)
  to   space 4608K, 0% used [0x00000007bf700000,0x00000007bf700000,0x00000007bfb80000)
 ParOldGen       total 225280K, used 64950K [0x0000000700000000, 0x000000070dc00000, 0x00000007bc400000)
  object space 225280K, 28% used [0x0000000700000000,0x0000000703f6da78,0x000000070dc00000)
 Metaspace       used 67043K, capacity 67653K, committed 68352K, reserved 1107968K
  class space    used 8993K, capacity 9146K, committed 9216K, reserved 1048576K
}

